<?xml version="1.0" encoding="UTF-8"?>
<!-- Generated by org.testng.reporters.JUnitXMLReporter -->
<testsuite ignored="2" hostname="FLW-GodsfavourNwoko-PC" failures="0" tests="0" time="0.003" errors="0" timestamp="2024-06-23T22:41:44 WAT">
  <testcase classname="frameworktutorial.tests.ErrorValidationsTest" name="ProductErrorValidation" time="0.0">
    <ignored/>
  </testcase> <!-- ProductErrorValidation -->
  <testcase classname="frameworktutorial.tests.ErrorValidationsTest" name="LoginErrorValidation" time="0.0">
    <ignored/>
  </testcase> <!-- LoginErrorValidation -->
</testsuite>
