<?xml version="1.0" encoding="UTF-8"?>
<!-- Generated by org.testng.reporters.JUnitXMLReporter -->
<testsuite ignored="1" hostname="FLW-GodsfavourNwoko-PC" failures="0" tests="2" name="Submit Order Test" time="50.739" errors="0" timestamp="2024-06-23T22:42:34 WAT">
  <testcase classname="frameworktutorial.tests.SubmitOrderTest" name="submitOrder" time="25.327"/>
  <testcase classname="frameworktutorial.tests.SubmitOrderTest" name="submitOrder" time="12.426"/>
  <testcase classname="frameworktutorial.tests.SubmitOrderTest" name="OrderHistoryTest" time="0.0">
    <ignored/>
  </testcase> <!-- OrderHistoryTest -->
</testsuite> <!-- Submit Order Test -->
