<?xml version="1.0" encoding="UTF-8"?>
<!-- Generated by org.testng.reporters.JUnitXMLReporter -->
<testsuite ignored="1" hostname="FLW-GodsfavourNwoko-PC" failures="0" tests="2" name="Submit Order Test" time="36.618" errors="0" timestamp="2024-06-24T00:19:44 WAT">
  <testcase classname="frameworktutorial.tests.SubmitOrderTest" name="submitOrder" time="12.941"/>
  <testcase classname="frameworktutorial.tests.SubmitOrderTest" name="submitOrder" time="12.706"/>
  <testcase classname="frameworktutorial.tests.SubmitOrderTest" name="OrderHistoryTest" time="0.0">
    <ignored/>
  </testcase> <!-- OrderHistoryTest -->
</testsuite> <!-- Submit Order Test -->
