<?xml version="1.0" encoding="UTF-8"?>
<testng-results ignored="0" total="2" passed="2" failed="0" skipped="0">
  <reporter-output>
  </reporter-output>
  <suite started-at="2024-06-24T00:19:07 WAT" name="Suite" finished-at="2024-06-24T00:19:44 WAT" duration-ms="36618">
    <groups>
      <group name="Purchase">
        <method signature="SubmitOrderTest.submitOrder(java.util.HashMap)[pri:0, instance:frameworktutorial.tests.SubmitOrderTest@35047d03]" name="submitOrder" class="frameworktutorial.tests.SubmitOrderTest"/>
      </group> <!-- Purchase -->
    </groups>
    <test started-at="2024-06-24T00:19:07 WAT" name="Error Validation Test" finished-at="2024-06-24T00:19:07 WAT" duration-ms="2">
    </test> <!-- Error Validation Test -->
    <test started-at="2024-06-24T00:19:07 WAT" name="Submit Order Test" finished-at="2024-06-24T00:19:44 WAT" duration-ms="36618">
      <class name="frameworktutorial.tests.SubmitOrderTest">
        <test-method is-config="true" signature="launchApplication()[pri:0, instance:frameworktutorial.tests.SubmitOrderTest@35047d03]" started-at="2024-06-24T00:19:08 WAT" name="launchApplication" finished-at="2024-06-24T00:19:13 WAT" duration-ms="5709" status="PASS">
          <reporter-output>
          </reporter-output>
        </test-method> <!-- launchApplication -->
        <test-method signature="submitOrder(java.util.HashMap)[pri:0, instance:frameworktutorial.tests.SubmitOrderTest@35047d03]" started-at="2024-06-24T00:19:13 WAT" name="submitOrder" data-provider="getData" finished-at="2024-06-24T00:19:26 WAT" duration-ms="12941" status="PASS">
          <params>
            <param index="0">
              <value>
                <![CDATA[{password=Iamking@000, email=anshika@gmail.com, productName=ZARA COAT 3}]]>
              </value>
            </param>
          </params>
          <reporter-output>
          </reporter-output>
        </test-method> <!-- submitOrder -->
        <test-method is-config="true" signature="tearDown()[pri:0, instance:frameworktutorial.tests.SubmitOrderTest@35047d03]" started-at="2024-06-24T00:19:26 WAT" name="tearDown" finished-at="2024-06-24T00:19:26 WAT" duration-ms="77" status="PASS">
          <reporter-output>
          </reporter-output>
        </test-method> <!-- tearDown -->
        <test-method is-config="true" signature="launchApplication()[pri:0, instance:frameworktutorial.tests.SubmitOrderTest@35047d03]" started-at="2024-06-24T00:19:26 WAT" name="launchApplication" finished-at="2024-06-24T00:19:31 WAT" duration-ms="4937" status="PASS">
          <reporter-output>
          </reporter-output>
        </test-method> <!-- launchApplication -->
        <test-method signature="submitOrder(java.util.HashMap)[pri:0, instance:frameworktutorial.tests.SubmitOrderTest@35047d03]" started-at="2024-06-24T00:19:31 WAT" name="submitOrder" data-provider="getData" finished-at="2024-06-24T00:19:44 WAT" duration-ms="12706" status="PASS">
          <params>
            <param index="0">
              <value>
                <![CDATA[{password=Iamking@000, email=shetty@gmail.com, productName=ADIDAS ORIGINAL}]]>
              </value>
            </param>
          </params>
          <reporter-output>
          </reporter-output>
        </test-method> <!-- submitOrder -->
        <test-method is-config="true" signature="tearDown()[pri:0, instance:frameworktutorial.tests.SubmitOrderTest@35047d03]" started-at="2024-06-24T00:19:44 WAT" name="tearDown" finished-at="2024-06-24T00:19:44 WAT" duration-ms="114" status="PASS">
          <reporter-output>
          </reporter-output>
        </test-method> <!-- tearDown -->
      </class> <!-- frameworktutorial.tests.SubmitOrderTest -->
    </test> <!-- Submit Order Test -->
  </suite> <!-- Suite -->
</testng-results>
